2025-12-21T15:48:49.7213181Z ##[group]Run python -m venv venv
2025-12-21T15:48:49.7213874Z [36;1mpython -m venv venv[0m
2025-12-21T15:48:49.7214411Z [36;1msource venv/bin/activate[0m
2025-12-21T15:48:49.7215113Z [36;1mpython -m pip install --upgrade pip setuptools wheel[0m
2025-12-21T15:48:49.7216045Z [36;1mif [ -f requirements.txt ]; then pip install -r requirements.txt; fi[0m
2025-12-21T15:48:49.7216911Z [36;1m# Ensure pytest and ruff are installed[0m
2025-12-21T15:48:49.7217743Z [36;1mpip install pytest pytest-mock ruff playwright pytest-playwright[0m
2025-12-21T15:48:49.7218543Z [36;1mplaywright install chromium[0m
2025-12-21T15:48:49.7270189Z shell: /usr/bin/bash -e {0}
2025-12-21T15:48:49.7270794Z env:
2025-12-21T15:48:49.7271307Z   pythonLocation: /opt/hostedtoolcache/Python/3.10.19/x64
2025-12-21T15:48:49.7272189Z   PKG_CONFIG_PATH: /opt/hostedtoolcache/Python/3.10.19/x64/lib/pkgconfig
2025-12-21T15:48:49.7273052Z   Python_ROOT_DIR: /opt/hostedtoolcache/Python/3.10.19/x64
2025-12-21T15:48:49.7273858Z   Python2_ROOT_DIR: /opt/hostedtoolcache/Python/3.10.19/x64
2025-12-21T15:48:49.7274678Z   Python3_ROOT_DIR: /opt/hostedtoolcache/Python/3.10.19/x64
2025-12-21T15:48:49.7275472Z   LD_LIBRARY_PATH: /opt/hostedtoolcache/Python/3.10.19/x64/lib
2025-12-21T15:48:49.7276114Z ##[endgroup]
2025-12-21T15:48:54.4747071Z Requirement already satisfied: pip in ./venv/lib/python3.10/site-packages (23.0.1)
2025-12-21T15:48:54.6141574Z Collecting pip
2025-12-21T15:48:54.6573035Z   Downloading pip-25.3-py3-none-any.whl (1.8 MB)
2025-12-21T15:48:54.7661463Z      ━━━━━━━━━━━━━━━━━━━━━━━━━━━━━━━━━━━━━━━━ 1.8/1.8 MB 16.7 MB/s eta 0:00:00
2025-12-21T15:48:54.7730601Z Requirement already satisfied: setuptools in ./venv/lib/python3.10/site-packages (79.0.1)
2025-12-21T15:48:55.0523510Z Collecting setuptools
2025-12-21T15:48:55.0602575Z   Downloading setuptools-80.9.0-py3-none-any.whl (1.2 MB)
2025-12-21T15:48:55.1063234Z      ━━━━━━━━━━━━━━━━━━━━━━━━━━━━━━━━━━━━━━━━ 1.2/1.2 MB 27.3 MB/s eta 0:00:00
2025-12-21T15:48:55.1555402Z Collecting wheel
2025-12-21T15:48:55.1629276Z   Downloading wheel-0.45.1-py3-none-any.whl (72 kB)
2025-12-21T15:48:55.1672797Z      ━━━━━━━━━━━━━━━━━━━━━━━━━━━━━━━━━━━━━━━━ 72.5/72.5 kB 28.6 MB/s eta 0:00:00
2025-12-21T15:48:55.3309652Z Installing collected packages: wheel, setuptools, pip
2025-12-21T15:48:55.3752411Z   Attempting uninstall: setuptools
2025-12-21T15:48:55.3759800Z     Found existing installation: setuptools 79.0.1
2025-12-21T15:48:55.5496549Z     Uninstalling setuptools-79.0.1:
2025-12-21T15:48:55.5657248Z       Successfully uninstalled setuptools-79.0.1
2025-12-21T15:48:56.2431511Z   Attempting uninstall: pip
2025-12-21T15:48:56.2437686Z     Found existing installation: pip 23.0.1
2025-12-21T15:48:56.4652787Z     Uninstalling pip-23.0.1:
2025-12-21T15:48:56.4719476Z       Successfully uninstalled pip-23.0.1
2025-12-21T15:48:57.2448073Z Successfully installed pip-25.3 setuptools-80.9.0 wheel-0.45.1
2025-12-21T15:48:57.9080304Z Collecting Flask==3.0.0 (from -r requirements.txt (line 1))
2025-12-21T15:48:57.9727146Z   Downloading flask-3.0.0-py3-none-any.whl.metadata (3.6 kB)
2025-12-21T15:48:58.0168853Z Collecting yfinance>=0.2.66 (from -r requirements.txt (line 2))
2025-12-21T15:48:58.0243071Z   Downloading yfinance-0.2.66-py2.py3-none-any.whl.metadata (6.0 kB)
2025-12-21T15:48:58.0451662Z Collecting qrcode==7.4.2 (from -r requirements.txt (line 3))
2025-12-21T15:48:58.0538919Z   Downloading qrcode-7.4.2-py3-none-any.whl.metadata (17 kB)
2025-12-21T15:48:58.2993620Z Collecting Pillow>=10.4.0 (from -r requirements.txt (line 4))
2025-12-21T15:48:58.3070535Z   Downloading pillow-12.0.0-cp310-cp310-manylinux_2_27_x86_64.manylinux_2_28_x86_64.whl.metadata (8.8 kB)
2025-12-21T15:48:58.3490729Z Collecting plugp100>=4.0.0 (from -r requirements.txt (line 5))
2025-12-21T15:48:58.3596644Z   Downloading plugp100-5.1.5-py3-none-any.whl.metadata (6.2 kB)
2025-12-21T15:48:58.3773950Z Collecting pyttsx3==2.90 (from -r requirements.txt (line 6))
2025-12-21T15:48:58.3853475Z   Downloading pyttsx3-2.90-py3-none-any.whl.metadata (3.6 kB)
2025-12-21T15:48:58.4118612Z Collecting python-dotenv (from -r requirements.txt (line 7))
2025-12-21T15:48:58.4193049Z   Downloading python_dotenv-1.2.1-py3-none-any.whl.metadata (25 kB)
2025-12-21T15:48:58.4483597Z Collecting pyobjc>=10.0 (from -r requirements.txt (line 8))
2025-12-21T15:48:58.4562336Z   Downloading pyobjc-12.1-py3-none-any.whl.metadata (26 kB)
2025-12-21T15:48:58.5027560Z ERROR: Exception:
2025-12-21T15:48:58.5028096Z Traceback (most recent call last):
2025-12-21T15:48:58.5036598Z   File "/home/runner/work/Smart_Stock_Light/Smart_Stock_Light/venv/lib/python3.10/site-packages/pip/_vendor/pkg_resources/__init__.py", line 3367, in _dep_map
2025-12-21T15:48:58.5037372Z     return self.__dep_map
2025-12-21T15:48:58.5038219Z   File "/home/runner/work/Smart_Stock_Light/Smart_Stock_Light/venv/lib/python3.10/site-packages/pip/_vendor/pkg_resources/__init__.py", line 3147, in __getattr__
2025-12-21T15:48:58.5038918Z     raise AttributeError(attr)
2025-12-21T15:48:58.5039184Z AttributeError: _DistInfoDistribution__dep_map
2025-12-21T15:48:58.5039397Z 
2025-12-21T15:48:58.5039577Z During handling of the above exception, another exception occurred:
2025-12-21T15:48:58.5039834Z 
2025-12-21T15:48:58.5040124Z Traceback (most recent call last):
2025-12-21T15:48:58.5040868Z   File "/home/runner/work/Smart_Stock_Light/Smart_Stock_Light/venv/lib/python3.10/site-packages/pip/_internal/cli/base_command.py", line 107, in _run_wrapper
2025-12-21T15:48:58.5041522Z     status = _inner_run()
2025-12-21T15:48:58.5042160Z   File "/home/runner/work/Smart_Stock_Light/Smart_Stock_Light/venv/lib/python3.10/site-packages/pip/_internal/cli/base_command.py", line 98, in _inner_run
2025-12-21T15:48:58.5042800Z     return self.run(options, args)
2025-12-21T15:48:58.5043425Z   File "/home/runner/work/Smart_Stock_Light/Smart_Stock_Light/venv/lib/python3.10/site-packages/pip/_internal/cli/req_command.py", line 85, in wrapper
2025-12-21T15:48:58.5044049Z     return func(self, options, args)
2025-12-21T15:48:58.5044676Z   File "/home/runner/work/Smart_Stock_Light/Smart_Stock_Light/venv/lib/python3.10/site-packages/pip/_internal/commands/install.py", line 388, in run
2025-12-21T15:48:58.5045296Z     requirement_set = resolver.resolve(
2025-12-21T15:48:58.5046011Z   File "/home/runner/work/Smart_Stock_Light/Smart_Stock_Light/venv/lib/python3.10/site-packages/pip/_internal/resolution/resolvelib/resolver.py", line 99, in resolve
2025-12-21T15:48:58.5046675Z     result = self._result = resolver.resolve(
2025-12-21T15:48:58.5047345Z   File "/home/runner/work/Smart_Stock_Light/Smart_Stock_Light/venv/lib/python3.10/site-packages/pip/_vendor/resolvelib/resolvers/resolution.py", line 601, in resolve
2025-12-21T15:48:58.5048081Z     state = resolution.resolve(requirements, max_rounds=max_rounds)
2025-12-21T15:48:58.5048827Z   File "/home/runner/work/Smart_Stock_Light/Smart_Stock_Light/venv/lib/python3.10/site-packages/pip/_vendor/resolvelib/resolvers/resolution.py", line 434, in resolve
2025-12-21T15:48:58.5049532Z     self._add_to_criteria(self.state.criteria, r, parent=None)
2025-12-21T15:48:58.5050514Z   File "/home/runner/work/Smart_Stock_Light/Smart_Stock_Light/venv/lib/python3.10/site-packages/pip/_vendor/resolvelib/resolvers/resolution.py", line 150, in _add_to_criteria
2025-12-21T15:48:58.5051215Z     if not criterion.candidates:
2025-12-21T15:48:58.5051826Z   File "/home/runner/work/Smart_Stock_Light/Smart_Stock_Light/venv/lib/python3.10/site-packages/pip/_vendor/resolvelib/structs.py", line 194, in __bool__
2025-12-21T15:48:58.5052429Z     return bool(self._sequence)
2025-12-21T15:48:58.5053117Z   File "/home/runner/work/Smart_Stock_Light/Smart_Stock_Light/venv/lib/python3.10/site-packages/pip/_internal/resolution/resolvelib/found_candidates.py", line 165, in __bool__
2025-12-21T15:48:58.5053794Z     self._bool = any(self)
2025-12-21T15:48:58.5054459Z   File "/home/runner/work/Smart_Stock_Light/Smart_Stock_Light/venv/lib/python3.10/site-packages/pip/_internal/resolution/resolvelib/found_candidates.py", line 149, in <genexpr>
2025-12-21T15:48:58.5055614Z     return (c for c in iterator if id(c) not in self._incompatible_ids)
2025-12-21T15:48:58.5056399Z   File "/home/runner/work/Smart_Stock_Light/Smart_Stock_Light/venv/lib/python3.10/site-packages/pip/_internal/resolution/resolvelib/found_candidates.py", line 39, in _iter_built
2025-12-21T15:48:58.5057081Z     candidate = func()
2025-12-21T15:48:58.5057783Z   File "/home/runner/work/Smart_Stock_Light/Smart_Stock_Light/venv/lib/python3.10/site-packages/pip/_internal/resolution/resolvelib/factory.py", line 180, in _make_candidate_from_link
2025-12-21T15:48:58.5058557Z     base: BaseCandidate | None = self._make_base_candidate_from_link(
2025-12-21T15:48:58.5059386Z   File "/home/runner/work/Smart_Stock_Light/Smart_Stock_Light/venv/lib/python3.10/site-packages/pip/_internal/resolution/resolvelib/factory.py", line 226, in _make_base_candidate_from_link
2025-12-21T15:48:58.5060335Z     self._link_candidate_cache[link] = LinkCandidate(
2025-12-21T15:48:58.5061044Z   File "/home/runner/work/Smart_Stock_Light/Smart_Stock_Light/venv/lib/python3.10/site-packages/pip/_internal/resolution/resolvelib/candidates.py", line 318, in __init__
2025-12-21T15:48:58.5061699Z     super().__init__(
2025-12-21T15:48:58.5062326Z   File "/home/runner/work/Smart_Stock_Light/Smart_Stock_Light/venv/lib/python3.10/site-packages/pip/_internal/resolution/resolvelib/candidates.py", line 161, in __init__
2025-12-21T15:48:58.5062979Z     self.dist = self._prepare()
2025-12-21T15:48:58.5063636Z   File "/home/runner/work/Smart_Stock_Light/Smart_Stock_Light/venv/lib/python3.10/site-packages/pip/_internal/resolution/resolvelib/candidates.py", line 260, in _prepare
2025-12-21T15:48:58.5064310Z     self._check_metadata_consistency(dist)
2025-12-21T15:48:58.5065065Z   File "/home/runner/work/Smart_Stock_Light/Smart_Stock_Light/venv/lib/python3.10/site-packages/pip/_internal/resolution/resolvelib/candidates.py", line 232, in _check_metadata_consistency
2025-12-21T15:48:58.5065875Z     list(dist.iter_dependencies(list(dist.iter_provided_extras())))
2025-12-21T15:48:58.5066645Z   File "/home/runner/work/Smart_Stock_Light/Smart_Stock_Light/venv/lib/python3.10/site-packages/pip/_internal/metadata/pkg_resources.py", line 247, in iter_provided_extras
2025-12-21T15:48:58.5067320Z     return self._extra_mapping.keys()
2025-12-21T15:48:58.5067974Z   File "/home/runner/work/Smart_Stock_Light/Smart_Stock_Light/venv/lib/python3.10/site-packages/pip/_internal/metadata/pkg_resources.py", line 91, in _extra_mapping
2025-12-21T15:48:58.5068684Z     canonicalize_name(extra): extra for extra in self._dist.extras
2025-12-21T15:48:58.5069387Z   File "/home/runner/work/Smart_Stock_Light/Smart_Stock_Light/venv/lib/python3.10/site-packages/pip/_vendor/pkg_resources/__init__.py", line 3323, in extras
2025-12-21T15:48:58.5070176Z     return [dep for dep in self._dep_map if dep]
2025-12-21T15:48:58.5070838Z   File "/home/runner/work/Smart_Stock_Light/Smart_Stock_Light/venv/lib/python3.10/site-packages/pip/_vendor/pkg_resources/__init__.py", line 3369, in _dep_map
2025-12-21T15:48:58.5071475Z     self.__dep_map = self._compute_dependencies()
2025-12-21T15:48:58.5072179Z   File "/home/runner/work/Smart_Stock_Light/Smart_Stock_Light/venv/lib/python3.10/site-packages/pip/_vendor/pkg_resources/__init__.py", line 3386, in _compute_dependencies
2025-12-21T15:48:58.5072924Z     common = types.MappingProxyType(dict.fromkeys(reqs_for_extra(None)))
2025-12-21T15:48:58.5073685Z   File "/home/runner/work/Smart_Stock_Light/Smart_Stock_Light/venv/lib/python3.10/site-packages/pip/_vendor/pkg_resources/__init__.py", line 3383, in reqs_for_extra
2025-12-21T15:48:58.5074394Z     if not req.marker or req.marker.evaluate({'extra': extra}):
2025-12-21T15:48:58.5075075Z   File "/home/runner/work/Smart_Stock_Light/Smart_Stock_Light/venv/lib/python3.10/site-packages/pip/_vendor/packaging/markers.py", line 347, in evaluate
2025-12-21T15:48:58.5075826Z     return _evaluate_markers(
2025-12-21T15:48:58.5076456Z   File "/home/runner/work/Smart_Stock_Light/Smart_Stock_Light/venv/lib/python3.10/site-packages/pip/_vendor/packaging/markers.py", line 239, in _evaluate_markers
2025-12-21T15:48:58.5077248Z     groups[-1].append(_eval_op(lhs_value, op, rhs_value))
2025-12-21T15:48:58.5077906Z   File "/home/runner/work/Smart_Stock_Light/Smart_Stock_Light/venv/lib/python3.10/site-packages/pip/_vendor/packaging/markers.py", line 187, in _eval_op
2025-12-21T15:48:58.5078512Z     return spec.contains(lhs, prereleases=True)
2025-12-21T15:48:58.5079189Z   File "/home/runner/work/Smart_Stock_Light/Smart_Stock_Light/venv/lib/python3.10/site-packages/pip/_vendor/packaging/specifiers.py", line 552, in contains
2025-12-21T15:48:58.5079830Z     normalized_item = _coerce_version(item)
2025-12-21T15:48:58.5080718Z   File "/home/runner/work/Smart_Stock_Light/Smart_Stock_Light/venv/lib/python3.10/site-packages/pip/_vendor/packaging/specifiers.py", line 28, in _coerce_version
2025-12-21T15:48:58.5081369Z     version = Version(version)
2025-12-21T15:48:58.5081965Z   File "/home/runner/work/Smart_Stock_Light/Smart_Stock_Light/venv/lib/python3.10/site-packages/pip/_vendor/packaging/version.py", line 202, in __init__
2025-12-21T15:48:58.5082650Z     raise InvalidVersion(f"Invalid version: {version!r}")
2025-12-21T15:48:58.5083083Z pip._vendor.packaging.version.InvalidVersion: Invalid version: '6.11.0-1018-azure'
2025-12-21T15:48:58.5482048Z ##[error]Process completed with exit code 2.
